# JRE version: Java(TM) SE Runtime Environment (17.0.2+8) (build 17.0.2+8-LTS-86)
# Java VM: Java HotSpot(TM) 64-Bit Server VM (17.0.2+8-LTS-86, mixed mode, sharing, tiered, compressed oops, compressed class ptrs, g1 gc, windows-amd64)
GC Precious Log:
 CPUs: 16 total, 16 available
 Memory: 14188M
 Large Page Support: Disabled
 NUMA Support: Disabled
 Compressed Oops: Enabled (Zero based)
 Heap Region Size: 2M
 Heap Min Capacity: 8M
 Heap Initial Capacity: 222M
 Heap Max Capacity: 3548M
 Pre-touch: Disabled
 Parallel Workers: 13
 Concurrent Workers: 3
 Concurrent Refinement Workers: 13
 Periodic GC: Disabled
Heap:
 garbage-first heap   total 417792K, used 253961K [0x0000000722400000, 0x0000000800000000)
  region size 2048K, 46 young (94208K), 2 survivors (4096K)
 Metaspace       used 66138K, committed 67264K, reserved 1105920K
  class space    used 9750K, committed 10304K, reserved 1048576K
GC Heap History (20 events):
Event: 8.038 GC heap before
{Heap before GC invocations=12 (full 0):
 garbage-first heap   total 245760K, used 189702K [0x0000000722400000, 0x0000000800000000)
  region size 2048K, 59 young (120832K), 2 survivors (4096K)
 Metaspace       used 29186K, committed 30016K, reserved 1081344K
  class space    used 3587K, committed 3968K, reserved 1048576K
}
Event: 8.042 GC heap after
{Heap after GC invocations=13 (full 0):
 garbage-first heap   total 245760K, used 76167K [0x0000000722400000, 0x0000000800000000)
  region size 2048K, 2 young (4096K), 2 survivors (4096K)
 Metaspace       used 29186K, committed 30016K, reserved 1081344K
  class space    used 3587K, committed 3968K, reserved 1048576K
}
Event: 8.501 GC heap before
{Heap before GC invocations=13 (full 0):
 garbage-first heap   total 245760K, used 209287K [0x0000000722400000, 0x0000000800000000)
  region size 2048K, 61 young (124928K), 2 survivors (4096K)
 Metaspace       used 31912K, committed 32768K, reserved 1081344K
  class space    used 3961K, committed 4352K, reserved 1048576K
}
Event: 8.507 GC heap after
{Heap after GC invocations=14 (full 0):
 garbage-first heap   total 245760K, used 90649K [0x0000000722400000, 0x0000000800000000)
  region size 2048K, 3 young (6144K), 3 survivors (6144K)
 Metaspace       used 31912K, committed 32768K, reserved 1081344K
  class space    used 3961K, committed 4352K, reserved 1048576K
}
Event: 9.051 GC heap before
{Heap before GC invocations=14 (full 0):
 garbage-first heap   total 245760K, used 201241K [0x0000000722400000, 0x0000000800000000)
  region size 2048K, 57 young (116736K), 3 survivors (6144K)
 Metaspace       used 32596K, committed 33472K, reserved 1081344K
  class space    used 4064K, committed 4480K, reserved 1048576K
}
Event: 9.058 GC heap after
{Heap after GC invocations=15 (full 0):
 garbage-first heap   total 245760K, used 93338K [0x0000000722400000, 0x0000000800000000)
  region size 2048K, 5 young (10240K), 5 survivors (10240K)
 Metaspace       used 32596K, committed 33472K, reserved 1081344K
  class space    used 4064K, committed 4480K, reserved 1048576K
}
Event: 9.486 GC heap before
{Heap before GC invocations=15 (full 0):
 garbage-first heap   total 245760K, used 201882K [0x0000000722400000, 0x0000000800000000)
  region size 2048K, 58 young (118784K), 5 survivors (10240K)
 Metaspace       used 34307K, committed 35200K, reserved 1081344K
  class space    used 4228K, committed 4608K, reserved 1048576K
}
Event: 9.495 GC heap after
{Heap after GC invocations=16 (full 0):
 garbage-first heap   total 507904K, used 95362K [0x0000000722400000, 0x0000000800000000)
  region size 2048K, 6 young (12288K), 6 survivors (12288K)
 Metaspace       used 34307K, committed 35200K, reserved 1081344K
  class space    used 4228K, committed 4608K, reserved 1048576K
}
Event: 9.674 GC heap before
{Heap before GC invocations=16 (full 0):
 garbage-first heap   total 507904K, used 148610K [0x0000000722400000, 0x0000000800000000)
  region size 2048K, 33 young (67584K), 6 survivors (12288K)
 Metaspace       used 35267K, committed 36160K, reserved 1081344K
  class space    used 4324K, committed 4736K, reserved 1048576K
}
Event: 9.681 GC heap after
{Heap after GC invocations=17 (full 0):
 garbage-first heap   total 507904K, used 96276K [0x0000000722400000, 0x0000000800000000)
  region size 2048K, 6 young (12288K), 6 survivors (12288K)
 Metaspace       used 35267K, committed 36160K, reserved 1081344K
  class space    used 4324K, committed 4736K, reserved 1048576K
}
Event: 11.178 GC heap before
{Heap before GC invocations=18 (full 0):
 garbage-first heap   total 348160K, used 290836K [0x0000000722400000, 0x0000000800000000)
  region size 2048K, 102 young (208896K), 6 survivors (12288K)
 Metaspace       used 42380K, committed 43328K, reserved 1089536K
  class space    used 5515K, committed 5952K, reserved 1048576K
}
Event: 11.196 GC heap after
{Heap after GC invocations=19 (full 0):
 garbage-first heap   total 348160K, used 110468K [0x0000000722400000, 0x0000000800000000)
  region size 2048K, 13 young (26624K), 13 survivors (26624K)
 Metaspace       used 42380K, committed 43328K, reserved 1089536K
  class space    used 5515K, committed 5952K, reserved 1048576K
}
Event: 11.815 GC heap before
{Heap before GC invocations=19 (full 0):
 garbage-first heap   total 348160K, used 284548K [0x0000000722400000, 0x0000000800000000)
  region size 2048K, 98 young (200704K), 13 survivors (26624K)
 Metaspace       used 43236K, committed 44224K, reserved 1089536K
  class space    used 5652K, committed 6080K, reserved 1048576K
}
Event: 11.848 GC heap after
{Heap after GC invocations=20 (full 0):
 garbage-first heap   total 348160K, used 129869K [0x0000000722400000, 0x0000000800000000)
  region size 2048K, 10 young (20480K), 10 survivors (20480K)
 Metaspace       used 43236K, committed 44224K, reserved 1089536K
  class space    used 5652K, committed 6080K, reserved 1048576K
}
Event: 12.736 GC heap before
{Heap before GC invocations=20 (full 0):
 garbage-first heap   total 348160K, used 279373K [0x0000000722400000, 0x0000000800000000)
  region size 2048K, 83 young (169984K), 10 survivors (20480K)
 Metaspace       used 47623K, committed 48640K, reserved 1097728K
  class space    used 6304K, committed 6784K, reserved 1048576K
}
Event: 12.760 GC heap after
{Heap after GC invocations=21 (full 0):
 garbage-first heap   total 348160K, used 150557K [0x0000000722400000, 0x0000000800000000)
  region size 2048K, 11 young (22528K), 11 survivors (22528K)
 Metaspace       used 47623K, committed 48640K, reserved 1097728K
  class space    used 6304K, committed 6784K, reserved 1048576K
}
Event: 14.161 GC heap before
{Heap before GC invocations=21 (full 0):
 garbage-first heap   total 348160K, used 275485K [0x0000000722400000, 0x0000000800000000)
  region size 2048K, 72 young (147456K), 11 survivors (22528K)
 Metaspace       used 56143K, committed 57216K, reserved 1097728K
  class space    used 8139K, committed 8640K, reserved 1048576K
}
Event: 14.189 GC heap after
{Heap after GC invocations=22 (full 0):
 garbage-first heap   total 348160K, used 162823K [0x0000000722400000, 0x0000000800000000)
  region size 2048K, 6 young (12288K), 6 survivors (12288K)
 Metaspace       used 56143K, committed 57216K, reserved 1097728K
  class space    used 8139K, committed 8640K, reserved 1048576K
}
Event: 14.767 GC heap before
{Heap before GC invocations=22 (full 0):
 garbage-first heap   total 348160K, used 205831K [0x0000000722400000, 0x0000000800000000)
  region size 2048K, 28 young (57344K), 6 survivors (12288K)
 Metaspace       used 59486K, committed 60608K, reserved 1105920K
  class space    used 8839K, committed 9344K, reserved 1048576K
}
Event: 14.779 GC heap after
{Heap after GC invocations=23 (full 0):
 garbage-first heap   total 417792K, used 165897K [0x0000000722400000, 0x0000000800000000)
  region size 2048K, 2 young (4096K), 2 survivors (4096K)
 Metaspace       used 59486K, committed 60608K, reserved 1105920K
  class space    used 8839K, committed 9344K, reserved 1048576K
}

