# JRE version: Java(TM) SE Runtime Environment (17.0.2+8) (build 17.0.2+8-LTS-86)
# Java VM: Java HotSpot(TM) 64-Bit Server VM (17.0.2+8-LTS-86, mixed mode, sharing, tiered, compressed oops, compressed class ptrs, g1 gc, windows-amd64)
GC Precious Log:
 CPUs: 16 total, 16 available
 Memory: 14188M
 Large Page Support: Disabled
 NUMA Support: Disabled
 Compressed Oops: Enabled (Zero based)
 Heap Region Size: 2M
 Heap Min Capacity: 8M
 Heap Initial Capacity: 222M
 Heap Max Capacity: 3548M
 Pre-touch: Disabled
 Parallel Workers: 13
 Concurrent Workers: 3
 Concurrent Refinement Workers: 13
 Periodic GC: Disabled
Heap:
 garbage-first heap   total 411648K, used 263750K [0x0000000722400000, 0x0000000800000000)
  region size 2048K, 52 young (106496K), 3 survivors (6144K)
 Metaspace       used 66140K, committed 67328K, reserved 1114112K
  class space    used 9755K, committed 10304K, reserved 1048576K
GC Heap History (20 events):
Event: 7.851 GC heap before
{Heap before GC invocations=12 (full 0):
 garbage-first heap   total 256000K, used 214439K [0x0000000722400000, 0x0000000800000000)
  region size 2048K, 65 young (133120K), 2 survivors (4096K)
 Metaspace       used 30218K, committed 31104K, reserved 1081344K
  class space    used 3750K, committed 4160K, reserved 1048576K
}
Event: 7.856 GC heap after
{Heap after GC invocations=13 (full 0):
 garbage-first heap   total 256000K, used 89573K [0x0000000722400000, 0x0000000800000000)
  region size 2048K, 3 young (6144K), 3 survivors (6144K)
 Metaspace       used 30218K, committed 31104K, reserved 1081344K
  class space    used 3750K, committed 4160K, reserved 1048576K
}
Event: 8.311 GC heap before
{Heap before GC invocations=13 (full 0):
 garbage-first heap   total 256000K, used 206309K [0x0000000722400000, 0x0000000800000000)
  region size 2048K, 60 young (122880K), 3 survivors (6144K)
 Metaspace       used 32220K, committed 33152K, reserved 1081344K
  class space    used 4006K, committed 4416K, reserved 1048576K
}
Event: 8.318 GC heap after
{Heap after GC invocations=14 (full 0):
 garbage-first heap   total 256000K, used 91594K [0x0000000722400000, 0x0000000800000000)
  region size 2048K, 4 young (8192K), 4 survivors (8192K)
 Metaspace       used 32220K, committed 33152K, reserved 1081344K
  class space    used 4006K, committed 4416K, reserved 1048576K
}
Event: 8.650 GC heap before
{Heap before GC invocations=14 (full 0):
 garbage-first heap   total 256000K, used 208330K [0x0000000722400000, 0x0000000800000000)
  region size 2048K, 61 young (124928K), 4 survivors (8192K)
 Metaspace       used 32606K, committed 33472K, reserved 1081344K
  class space    used 4072K, committed 4480K, reserved 1048576K
}
Event: 8.657 GC heap after
{Heap after GC invocations=15 (full 0):
 garbage-first heap   total 256000K, used 94154K [0x0000000722400000, 0x0000000800000000)
  region size 2048K, 5 young (10240K), 5 survivors (10240K)
 Metaspace       used 32606K, committed 33472K, reserved 1081344K
  class space    used 4072K, committed 4480K, reserved 1048576K
}
Event: 9.342 GC heap before
{Heap before GC invocations=15 (full 0):
 garbage-first heap   total 256000K, used 167882K [0x0000000722400000, 0x0000000800000000)
  region size 2048K, 43 young (88064K), 5 survivors (10240K)
 Metaspace       used 35182K, committed 36096K, reserved 1081344K
  class space    used 4319K, committed 4736K, reserved 1048576K
}
Event: 9.350 GC heap after
{Heap after GC invocations=16 (full 0):
 garbage-first heap   total 256000K, used 95343K [0x0000000722400000, 0x0000000800000000)
  region size 2048K, 5 young (10240K), 5 survivors (10240K)
 Metaspace       used 35182K, committed 36096K, reserved 1081344K
  class space    used 4319K, committed 4736K, reserved 1048576K
}
Event: 10.388 GC heap before
{Heap before GC invocations=17 (full 0):
 garbage-first heap   total 256000K, used 214127K [0x0000000722400000, 0x0000000800000000)
  region size 2048K, 63 young (129024K), 5 survivors (10240K)
 Metaspace       used 41042K, committed 41984K, reserved 1089536K
  class space    used 5290K, committed 5696K, reserved 1048576K
}
Event: 10.401 GC heap after
{Heap after GC invocations=18 (full 0):
 garbage-first heap   total 256000K, used 101411K [0x0000000722400000, 0x0000000800000000)
  region size 2048K, 7 young (14336K), 7 survivors (14336K)
 Metaspace       used 41042K, committed 41984K, reserved 1089536K
  class space    used 5290K, committed 5696K, reserved 1048576K
}
Event: 10.997 GC heap before
{Heap before GC invocations=18 (full 0):
 garbage-first heap   total 256000K, used 212003K [0x0000000722400000, 0x0000000800000000)
  region size 2048K, 61 young (124928K), 7 survivors (14336K)
 Metaspace       used 42754K, committed 43712K, reserved 1089536K
  class space    used 5577K, committed 6016K, reserved 1048576K
}
Event: 11.025 GC heap after
{Heap after GC invocations=19 (full 0):
 garbage-first heap   total 307200K, used 112254K [0x0000000722400000, 0x0000000800000000)
  region size 2048K, 8 young (16384K), 8 survivors (16384K)
 Metaspace       used 42754K, committed 43712K, reserved 1089536K
  class space    used 5577K, committed 6016K, reserved 1048576K
}
Event: 11.501 GC heap before
{Heap before GC invocations=19 (full 0):
 garbage-first heap   total 307200K, used 249470K [0x0000000722400000, 0x0000000800000000)
  region size 2048K, 75 young (153600K), 8 survivors (16384K)
 Metaspace       used 43101K, committed 44032K, reserved 1089536K
  class space    used 5639K, committed 6080K, reserved 1048576K
}
Event: 11.526 GC heap after
{Heap after GC invocations=20 (full 0):
 garbage-first heap   total 307200K, used 126926K [0x0000000722400000, 0x0000000800000000)
  region size 2048K, 10 young (20480K), 10 survivors (20480K)
 Metaspace       used 43101K, committed 44032K, reserved 1089536K
  class space    used 5639K, committed 6080K, reserved 1048576K
}
Event: 12.043 GC heap before
{Heap before GC invocations=20 (full 0):
 garbage-first heap   total 307200K, used 247758K [0x0000000722400000, 0x0000000800000000)
  region size 2048K, 69 young (141312K), 10 survivors (20480K)
 Metaspace       used 46008K, committed 47040K, reserved 1089536K
  class space    used 6102K, committed 6592K, reserved 1048576K
}
Event: 12.067 GC heap after
{Heap after GC invocations=21 (full 0):
 garbage-first heap   total 307200K, used 138624K [0x0000000722400000, 0x0000000800000000)
  region size 2048K, 6 young (12288K), 6 survivors (12288K)
 Metaspace       used 46008K, committed 47040K, reserved 1089536K
  class space    used 6102K, committed 6592K, reserved 1048576K
}
Event: 13.198 GC heap before
{Heap before GC invocations=21 (full 0):
 garbage-first heap   total 307200K, used 247168K [0x0000000722400000, 0x0000000800000000)
  region size 2048K, 59 young (120832K), 6 survivors (12288K)
 Metaspace       used 52579K, committed 53568K, reserved 1097728K
  class space    used 7473K, committed 7936K, reserved 1048576K
}
Event: 13.217 GC heap after
{Heap after GC invocations=22 (full 0):
 garbage-first heap   total 307200K, used 159545K [0x0000000722400000, 0x0000000800000000)
  region size 2048K, 8 young (16384K), 8 survivors (16384K)
 Metaspace       used 52579K, committed 53568K, reserved 1097728K
  class space    used 7473K, committed 7936K, reserved 1048576K
}
Event: 14.104 GC heap before
{Heap before GC invocations=22 (full 0):
 garbage-first heap   total 307200K, used 243513K [0x0000000722400000, 0x0000000800000000)
  region size 2048K, 49 young (100352K), 8 survivors (16384K)
 Metaspace       used 58651K, committed 59712K, reserved 1105920K
  class space    used 8670K, committed 9152K, reserved 1048576K
}
Event: 14.121 GC heap after
{Heap after GC invocations=23 (full 0):
 garbage-first heap   total 411648K, used 165446K [0x0000000722400000, 0x0000000800000000)
  region size 2048K, 3 young (6144K), 3 survivors (6144K)
 Metaspace       used 58651K, committed 59712K, reserved 1105920K
  class space    used 8670K, committed 9152K, reserved 1048576K
}

