# JRE version: Java(TM) SE Runtime Environment (17.0.2+8) (build 17.0.2+8-LTS-86)
# Java VM: Java HotSpot(TM) 64-Bit Server VM (17.0.2+8-LTS-86, mixed mode, sharing, tiered, compressed oops, compressed class ptrs, g1 gc, windows-amd64)
GC Precious Log:
 CPUs: 16 total, 16 available
 Memory: 14188M
 Large Page Support: Disabled
 NUMA Support: Disabled
 Compressed Oops: Enabled (Zero based)
 Heap Region Size: 2M
 Heap Min Capacity: 8M
 Heap Initial Capacity: 222M
 Heap Max Capacity: 3548M
 Pre-touch: Disabled
 Parallel Workers: 13
 Concurrent Workers: 3
 Concurrent Refinement Workers: 13
 Periodic GC: Disabled
Heap:
 garbage-first heap   total 399360K, used 207625K [0x0000000722400000, 0x0000000800000000)
  region size 2048K, 26 young (53248K), 5 survivors (10240K)
 Metaspace       used 66143K, committed 67328K, reserved 1114112K
  class space    used 9748K, committed 10304K, reserved 1048576K
GC Heap History (20 events):
Event: 8.076 GC heap before
{Heap before GC invocations=12 (full 0):
 garbage-first heap   total 245760K, used 207570K [0x0000000722400000, 0x0000000800000000)
  region size 2048K, 62 young (126976K), 2 survivors (4096K)
 Metaspace       used 31008K, committed 31872K, reserved 1081344K
  class space    used 3823K, committed 4224K, reserved 1048576K
}
Event: 8.081 GC heap after
{Heap after GC invocations=13 (full 0):
 garbage-first heap   total 245760K, used 88498K [0x0000000722400000, 0x0000000800000000)
  region size 2048K, 3 young (6144K), 3 survivors (6144K)
 Metaspace       used 31008K, committed 31872K, reserved 1081344K
  class space    used 3823K, committed 4224K, reserved 1048576K
}
Event: 8.604 GC heap before
{Heap before GC invocations=13 (full 0):
 garbage-first heap   total 245760K, used 199090K [0x0000000722400000, 0x0000000800000000)
  region size 2048K, 57 young (116736K), 3 survivors (6144K)
 Metaspace       used 32450K, committed 33344K, reserved 1081344K
  class space    used 4040K, committed 4416K, reserved 1048576K
}
Event: 8.610 GC heap after
{Heap after GC invocations=14 (full 0):
 garbage-first heap   total 245760K, used 91060K [0x0000000722400000, 0x0000000800000000)
  region size 2048K, 4 young (8192K), 4 survivors (8192K)
 Metaspace       used 32450K, committed 33344K, reserved 1081344K
  class space    used 4040K, committed 4416K, reserved 1048576K
}
Event: 9.129 GC heap before
{Heap before GC invocations=14 (full 0):
 garbage-first heap   total 245760K, used 201652K [0x0000000722400000, 0x0000000800000000)
  region size 2048K, 58 young (118784K), 4 survivors (8192K)
 Metaspace       used 33255K, committed 34112K, reserved 1081344K
  class space    used 4148K, committed 4544K, reserved 1048576K
}
Event: 9.137 GC heap after
{Heap after GC invocations=15 (full 0):
 garbage-first heap   total 245760K, used 93693K [0x0000000722400000, 0x0000000800000000)
  region size 2048K, 5 young (10240K), 5 survivors (10240K)
 Metaspace       used 33255K, committed 34112K, reserved 1081344K
  class space    used 4148K, committed 4544K, reserved 1048576K
}
Event: 9.447 GC heap before
{Heap before GC invocations=15 (full 0):
 garbage-first heap   total 245760K, used 169469K [0x0000000722400000, 0x0000000800000000)
  region size 2048K, 44 young (90112K), 5 survivors (10240K)
 Metaspace       used 35170K, committed 36096K, reserved 1081344K
  class space    used 4316K, committed 4736K, reserved 1048576K
}
Event: 9.455 GC heap after
{Heap after GC invocations=16 (full 0):
 garbage-first heap   total 294912K, used 94890K [0x0000000722400000, 0x0000000800000000)
  region size 2048K, 5 young (10240K), 5 survivors (10240K)
 Metaspace       used 35170K, committed 36096K, reserved 1081344K
  class space    used 4316K, committed 4736K, reserved 1048576K
}
Event: 10.891 GC heap before
{Heap before GC invocations=17 (full 0):
 garbage-first heap   total 294912K, used 246442K [0x0000000722400000, 0x0000000800000000)
  region size 2048K, 79 young (161792K), 5 survivors (10240K)
 Metaspace       used 41895K, committed 42816K, reserved 1089536K
  class space    used 5436K, committed 5824K, reserved 1048576K
}
Event: 10.911 GC heap after
{Heap after GC invocations=18 (full 0):
 garbage-first heap   total 294912K, used 104322K [0x0000000722400000, 0x0000000800000000)
  region size 2048K, 10 young (20480K), 10 survivors (20480K)
 Metaspace       used 41895K, committed 42816K, reserved 1089536K
  class space    used 5436K, committed 5824K, reserved 1048576K
}
Event: 11.532 GC heap before
{Heap before GC invocations=18 (full 0):
 garbage-first heap   total 294912K, used 239490K [0x0000000722400000, 0x0000000800000000)
  region size 2048K, 76 young (155648K), 10 survivors (20480K)
 Metaspace       used 43087K, committed 43968K, reserved 1089536K
  class space    used 5633K, committed 6016K, reserved 1048576K
}
Event: 11.560 GC heap after
{Heap after GC invocations=19 (full 0):
 garbage-first heap   total 294912K, used 118851K [0x0000000722400000, 0x0000000800000000)
  region size 2048K, 10 young (20480K), 10 survivors (20480K)
 Metaspace       used 43087K, committed 43968K, reserved 1089536K
  class space    used 5633K, committed 6016K, reserved 1048576K
}
Event: 11.891 GC heap before
{Heap before GC invocations=19 (full 0):
 garbage-first heap   total 294912K, used 237635K [0x0000000722400000, 0x0000000800000000)
  region size 2048K, 68 young (139264K), 10 survivors (20480K)
 Metaspace       used 43468K, committed 44480K, reserved 1089536K
  class space    used 5680K, committed 6144K, reserved 1048576K
}
Event: 11.917 GC heap after
{Heap after GC invocations=20 (full 0):
 garbage-first heap   total 294912K, used 133435K [0x0000000722400000, 0x0000000800000000)
  region size 2048K, 7 young (14336K), 7 survivors (14336K)
 Metaspace       used 43468K, committed 44480K, reserved 1089536K
  class space    used 5680K, committed 6144K, reserved 1048576K
}
Event: 12.556 GC heap before
{Heap before GC invocations=20 (full 0):
 garbage-first heap   total 294912K, used 237883K [0x0000000722400000, 0x0000000800000000)
  region size 2048K, 58 young (118784K), 7 survivors (14336K)
 Metaspace       used 47586K, committed 48640K, reserved 1097728K
  class space    used 6300K, committed 6784K, reserved 1048576K
}
Event: 12.576 GC heap after
{Heap after GC invocations=21 (full 0):
 garbage-first heap   total 294912K, used 143151K [0x0000000722400000, 0x0000000800000000)
  region size 2048K, 6 young (12288K), 6 survivors (12288K)
 Metaspace       used 47586K, committed 48640K, reserved 1097728K
  class space    used 6300K, committed 6784K, reserved 1048576K
}
Event: 13.450 GC heap before
{Heap before GC invocations=21 (full 0):
 garbage-first heap   total 294912K, used 237359K [0x0000000722400000, 0x0000000800000000)
  region size 2048K, 52 young (106496K), 6 survivors (12288K)
 Metaspace       used 53360K, committed 54400K, reserved 1097728K
  class space    used 7652K, committed 8128K, reserved 1048576K
}
Event: 13.470 GC heap after
{Heap after GC invocations=22 (full 0):
 garbage-first heap   total 399360K, used 159374K [0x0000000722400000, 0x0000000800000000)
  region size 2048K, 7 young (14336K), 7 survivors (14336K)
 Metaspace       used 53360K, committed 54400K, reserved 1097728K
  class space    used 7652K, committed 8128K, reserved 1048576K
}
Event: 15.154 GC heap before
{Heap before GC invocations=23 (full 0):
 garbage-first heap   total 399360K, used 292494K [0x0000000722400000, 0x0000000800000000)
  region size 2048K, 72 young (147456K), 7 survivors (14336K)
 Metaspace       used 63961K, committed 65152K, reserved 1105920K
  class space    used 9412K, committed 9920K, reserved 1048576K
}
Event: 15.171 GC heap after
{Heap after GC invocations=24 (full 0):
 garbage-first heap   total 399360K, used 168713K [0x0000000722400000, 0x0000000800000000)
  region size 2048K, 5 young (10240K), 5 survivors (10240K)
 Metaspace       used 63961K, committed 65152K, reserved 1105920K
  class space    used 9412K, committed 9920K, reserved 1048576K
}

