# JRE version: Java(TM) SE Runtime Environment (17.0.2+8) (build 17.0.2+8-LTS-86)
# Java VM: Java HotSpot(TM) 64-Bit Server VM (17.0.2+8-LTS-86, mixed mode, sharing, tiered, compressed oops, compressed class ptrs, g1 gc, windows-amd64)
GC Precious Log:
 CPUs: 16 total, 16 available
 Memory: 14188M
 Large Page Support: Disabled
 NUMA Support: Disabled
 Compressed Oops: Enabled (Zero based)
 Heap Region Size: 2M
 Heap Min Capacity: 8M
 Heap Initial Capacity: 222M
 Heap Max Capacity: 3548M
 Pre-touch: Disabled
 Parallel Workers: 13
 Concurrent Workers: 3
 Concurrent Refinement Workers: 13
 Periodic GC: Disabled
Heap:
 garbage-first heap   total 307200K, used 218433K [0x0000000722400000, 0x0000000800000000)
  region size 2048K, 28 young (57344K), 1 survivors (2048K)
 Metaspace       used 66132K, committed 67328K, reserved 1114112K
  class space    used 9751K, committed 10304K, reserved 1048576K
GC Heap History (20 events):
Event: 10.681 GC heap before
{Heap before GC invocations=15 (full 0):
 garbage-first heap   total 256000K, used 212613K [0x0000000722400000, 0x0000000800000000)
  region size 2048K, 63 young (129024K), 5 survivors (10240K)
 Metaspace       used 35390K, committed 36288K, reserved 1081344K
  class space    used 4341K, committed 4736K, reserved 1048576K
}
Event: 10.689 GC heap after
{Heap after GC invocations=16 (full 0):
 garbage-first heap   total 256000K, used 95447K [0x0000000722400000, 0x0000000800000000)
  region size 2048K, 5 young (10240K), 5 survivors (10240K)
 Metaspace       used 35390K, committed 36288K, reserved 1081344K
  class space    used 4341K, committed 4736K, reserved 1048576K
}
Event: 10.703 GC heap before
{Heap before GC invocations=16 (full 0):
 garbage-first heap   total 256000K, used 99543K [0x0000000722400000, 0x0000000800000000)
  region size 2048K, 8 young (16384K), 5 survivors (10240K)
 Metaspace       used 35417K, committed 36288K, reserved 1081344K
  class space    used 4348K, committed 4736K, reserved 1048576K
}
Event: 10.710 GC heap after
{Heap after GC invocations=17 (full 0):
 garbage-first heap   total 256000K, used 96067K [0x0000000722400000, 0x0000000800000000)
  region size 2048K, 4 young (8192K), 4 survivors (8192K)
 Metaspace       used 35417K, committed 36288K, reserved 1081344K
  class space    used 4348K, committed 4736K, reserved 1048576K
}
Event: 12.171 GC heap before
{Heap before GC invocations=18 (full 0):
 garbage-first heap   total 256000K, used 214851K [0x0000000722400000, 0x0000000800000000)
  region size 2048K, 63 young (129024K), 4 survivors (8192K)
 Metaspace       used 41309K, committed 42304K, reserved 1089536K
  class space    used 5346K, committed 5760K, reserved 1048576K
}
Event: 12.188 GC heap after
{Heap after GC invocations=19 (full 0):
 garbage-first heap   total 256000K, used 102453K [0x0000000722400000, 0x0000000800000000)
  region size 2048K, 8 young (16384K), 8 survivors (16384K)
 Metaspace       used 41309K, committed 42304K, reserved 1089536K
  class space    used 5346K, committed 5760K, reserved 1048576K
}
Event: 12.921 GC heap before
{Heap before GC invocations=19 (full 0):
 garbage-first heap   total 256000K, used 208949K [0x0000000722400000, 0x0000000800000000)
  region size 2048K, 60 young (122880K), 8 survivors (16384K)
 Metaspace       used 42744K, committed 43648K, reserved 1089536K
  class space    used 5571K, committed 5952K, reserved 1048576K
}
Event: 12.952 GC heap after
{Heap after GC invocations=20 (full 0):
 garbage-first heap   total 256000K, used 112291K [0x0000000722400000, 0x0000000800000000)
  region size 2048K, 8 young (16384K), 8 survivors (16384K)
 Metaspace       used 42744K, committed 43648K, reserved 1089536K
  class space    used 5571K, committed 5952K, reserved 1048576K
}
Event: 13.375 GC heap before
{Heap before GC invocations=20 (full 0):
 garbage-first heap   total 256000K, used 208547K [0x0000000722400000, 0x0000000800000000)
  region size 2048K, 55 young (112640K), 8 survivors (16384K)
 Metaspace       used 43084K, committed 43968K, reserved 1089536K
  class space    used 5631K, committed 6016K, reserved 1048576K
}
Event: 13.403 GC heap after
{Heap after GC invocations=21 (full 0):
 garbage-first heap   total 307200K, used 124779K [0x0000000722400000, 0x0000000800000000)
  region size 2048K, 6 young (12288K), 6 survivors (12288K)
 Metaspace       used 43084K, committed 43968K, reserved 1089536K
  class space    used 5631K, committed 6016K, reserved 1048576K
}
Event: 13.886 GC heap before
{Heap before GC invocations=21 (full 0):
 garbage-first heap   total 307200K, used 245611K [0x0000000722400000, 0x0000000800000000)
  region size 2048K, 65 young (133120K), 6 survivors (12288K)
 Metaspace       used 43697K, committed 44736K, reserved 1089536K
  class space    used 5710K, committed 6208K, reserved 1048576K
}
Event: 13.906 GC heap after
{Heap after GC invocations=22 (full 0):
 garbage-first heap   total 307200K, used 139228K [0x0000000722400000, 0x0000000800000000)
  region size 2048K, 7 young (14336K), 7 survivors (14336K)
 Metaspace       used 43697K, committed 44736K, reserved 1089536K
  class space    used 5710K, committed 6208K, reserved 1048576K
}
Event: 15.187 GC heap before
{Heap before GC invocations=22 (full 0):
 garbage-first heap   total 307200K, used 247772K [0x0000000722400000, 0x0000000800000000)
  region size 2048K, 60 young (122880K), 7 survivors (14336K)
 Metaspace       used 49386K, committed 50368K, reserved 1097728K
  class space    used 6642K, committed 7104K, reserved 1048576K
}
Event: 15.212 GC heap after
{Heap after GC invocations=23 (full 0):
 garbage-first heap   total 307200K, used 158781K [0x0000000722400000, 0x0000000800000000)
  region size 2048K, 8 young (16384K), 8 survivors (16384K)
 Metaspace       used 49386K, committed 50368K, reserved 1097728K
  class space    used 6642K, committed 7104K, reserved 1048576K
}
Event: 16.428 GC heap before
{Heap before GC invocations=23 (full 0):
 garbage-first heap   total 307200K, used 240701K [0x0000000722400000, 0x0000000800000000)
  region size 2048K, 48 young (98304K), 8 survivors (16384K)
 Metaspace       used 55708K, committed 56832K, reserved 1097728K
  class space    used 8066K, committed 8576K, reserved 1048576K
}
Event: 16.442 GC heap after
{Heap after GC invocations=24 (full 0):
 garbage-first heap   total 307200K, used 164976K [0x0000000722400000, 0x0000000800000000)
  region size 2048K, 3 young (6144K), 3 survivors (6144K)
 Metaspace       used 55708K, committed 56832K, reserved 1097728K
  class space    used 8066K, committed 8576K, reserved 1048576K
}
Event: 17.605 GC heap before
{Heap before GC invocations=25 (full 0):
 garbage-first heap   total 307200K, used 244848K [0x0000000722400000, 0x0000000800000000)
  region size 2048K, 42 young (86016K), 3 survivors (6144K)
 Metaspace       used 61401K, committed 62528K, reserved 1105920K
  class space    used 9283K, committed 9792K, reserved 1048576K
}
Event: 17.614 GC heap after
{Heap after GC invocations=26 (full 0):
 garbage-first heap   total 307200K, used 167845K [0x0000000722400000, 0x0000000800000000)
  region size 2048K, 4 young (8192K), 4 survivors (8192K)
 Metaspace       used 61401K, committed 62528K, reserved 1105920K
  class space    used 9283K, committed 9792K, reserved 1048576K
}
Event: 17.699 GC heap before
{Heap before GC invocations=26 (full 0):
 garbage-first heap   total 307200K, used 173989K [0x0000000722400000, 0x0000000800000000)
  region size 2048K, 7 young (14336K), 4 survivors (8192K)
 Metaspace       used 61949K, committed 63104K, reserved 1105920K
  class space    used 9332K, committed 9856K, reserved 1048576K
}
Event: 17.706 GC heap after
{Heap after GC invocations=27 (full 0):
 garbage-first heap   total 307200K, used 167233K [0x0000000722400000, 0x0000000800000000)
  region size 2048K, 1 young (2048K), 1 survivors (2048K)
 Metaspace       used 61949K, committed 63104K, reserved 1105920K
  class space    used 9332K, committed 9856K, reserved 1048576K
}

