# JRE version: Java(TM) SE Runtime Environment (17.0.2+8) (build 17.0.2+8-LTS-86)
# Java VM: Java HotSpot(TM) 64-Bit Server VM (17.0.2+8-LTS-86, mixed mode, sharing, tiered, compressed oops, compressed class ptrs, g1 gc, windows-amd64)
GC Precious Log:
 CPUs: 16 total, 16 available
 Memory: 14188M
 Large Page Support: Disabled
 NUMA Support: Disabled
 Compressed Oops: Enabled (Zero based)
 Heap Region Size: 2M
 Heap Min Capacity: 8M
 Heap Initial Capacity: 222M
 Heap Max Capacity: 3548M
 Pre-touch: Disabled
 Parallel Workers: 13
 Concurrent Workers: 3
 Concurrent Refinement Workers: 13
 Periodic GC: Disabled
Heap:
 garbage-first heap   total 348160K, used 249825K [0x0000000722400000, 0x0000000800000000)
  region size 2048K, 44 young (90112K), 2 survivors (4096K)
 Metaspace       used 66012K, committed 67200K, reserved 1114112K
  class space    used 9742K, committed 10240K, reserved 1048576K
GC Heap History (20 events):
Event: 8.197 GC heap before
{Heap before GC invocations=11 (full 0):
 garbage-first heap   total 245760K, used 186395K [0x0000000722400000, 0x0000000800000000)
  region size 2048K, 56 young (114688K), 2 survivors (4096K)
 Metaspace       used 27473K, committed 28288K, reserved 1081344K
  class space    used 3363K, committed 3712K, reserved 1048576K
}
Event: 8.200 GC heap after
{Heap after GC invocations=12 (full 0):
 garbage-first heap   total 245760K, used 75562K [0x0000000722400000, 0x0000000800000000)
  region size 2048K, 2 young (4096K), 2 survivors (4096K)
 Metaspace       used 27473K, committed 28288K, reserved 1081344K
  class space    used 3363K, committed 3712K, reserved 1048576K
}
Event: 8.623 GC heap before
{Heap before GC invocations=12 (full 0):
 garbage-first heap   total 245760K, used 192298K [0x0000000722400000, 0x0000000800000000)
  region size 2048K, 59 young (120832K), 2 survivors (4096K)
 Metaspace       used 28433K, committed 29248K, reserved 1081344K
  class space    used 3499K, committed 3840K, reserved 1048576K
}
Event: 8.628 GC heap after
{Heap after GC invocations=13 (full 0):
 garbage-first heap   total 245760K, used 76519K [0x0000000722400000, 0x0000000800000000)
  region size 2048K, 2 young (4096K), 2 survivors (4096K)
 Metaspace       used 28433K, committed 29248K, reserved 1081344K
  class space    used 3499K, committed 3840K, reserved 1048576K
}
Event: 9.255 GC heap before
{Heap before GC invocations=13 (full 0):
 garbage-first heap   total 245760K, used 209639K [0x0000000722400000, 0x0000000800000000)
  region size 2048K, 61 young (124928K), 2 survivors (4096K)
 Metaspace       used 31544K, committed 32448K, reserved 1081344K
  class space    used 3900K, committed 4288K, reserved 1048576K
}
Event: 9.262 GC heap after
{Heap after GC invocations=14 (full 0):
 garbage-first heap   total 245760K, used 90884K [0x0000000722400000, 0x0000000800000000)
  region size 2048K, 3 young (6144K), 3 survivors (6144K)
 Metaspace       used 31544K, committed 32448K, reserved 1081344K
  class space    used 3900K, committed 4288K, reserved 1048576K
}
Event: 9.965 GC heap before
{Heap before GC invocations=14 (full 0):
 garbage-first heap   total 245760K, used 201476K [0x0000000722400000, 0x0000000800000000)
  region size 2048K, 57 young (116736K), 3 survivors (6144K)
 Metaspace       used 32480K, committed 33408K, reserved 1081344K
  class space    used 4056K, committed 4480K, reserved 1048576K
}
Event: 9.977 GC heap after
{Heap after GC invocations=15 (full 0):
 garbage-first heap   total 614400K, used 93528K [0x0000000722400000, 0x0000000800000000)
  region size 2048K, 5 young (10240K), 5 survivors (10240K)
 Metaspace       used 32480K, committed 33408K, reserved 1081344K
  class space    used 4056K, committed 4480K, reserved 1048576K
}
Event: 10.940 GC heap before
{Heap before GC invocations=15 (full 0):
 garbage-first heap   total 614400K, used 259416K [0x0000000722400000, 0x0000000800000000)
  region size 2048K, 87 young (178176K), 5 survivors (10240K)
 Metaspace       used 35295K, committed 36160K, reserved 1081344K
  class space    used 4339K, committed 4736K, reserved 1048576K
}
Event: 10.947 GC heap after
{Heap after GC invocations=16 (full 0):
 garbage-first heap   total 614400K, used 96565K [0x0000000722400000, 0x0000000800000000)
  region size 2048K, 6 young (12288K), 6 survivors (12288K)
 Metaspace       used 35295K, committed 36160K, reserved 1081344K
  class space    used 4339K, committed 4736K, reserved 1048576K
}
Event: 12.553 GC heap before
{Heap before GC invocations=17 (full 0):
 garbage-first heap   total 348160K, used 291125K [0x0000000722400000, 0x0000000800000000)
  region size 2048K, 102 young (208896K), 6 survivors (12288K)
 Metaspace       used 42296K, committed 43328K, reserved 1089536K
  class space    used 5521K, committed 5952K, reserved 1048576K
}
Event: 12.572 GC heap after
{Heap after GC invocations=18 (full 0):
 garbage-first heap   total 348160K, used 111430K [0x0000000722400000, 0x0000000800000000)
  region size 2048K, 13 young (26624K), 13 survivors (26624K)
 Metaspace       used 42296K, committed 43328K, reserved 1089536K
  class space    used 5521K, committed 5952K, reserved 1048576K
}
Event: 13.226 GC heap before
{Heap before GC invocations=18 (full 0):
 garbage-first heap   total 348160K, used 285510K [0x0000000722400000, 0x0000000800000000)
  region size 2048K, 98 young (200704K), 13 survivors (26624K)
 Metaspace       used 43118K, committed 44096K, reserved 1089536K
  class space    used 5642K, committed 6080K, reserved 1048576K
}
Event: 13.255 GC heap after
{Heap after GC invocations=19 (full 0):
 garbage-first heap   total 348160K, used 130682K [0x0000000722400000, 0x0000000800000000)
  region size 2048K, 10 young (20480K), 10 survivors (20480K)
 Metaspace       used 43118K, committed 44096K, reserved 1089536K
  class space    used 5642K, committed 6080K, reserved 1048576K
}
Event: 14.192 GC heap before
{Heap before GC invocations=19 (full 0):
 garbage-first heap   total 348160K, used 280186K [0x0000000722400000, 0x0000000800000000)
  region size 2048K, 83 young (169984K), 10 survivors (20480K)
 Metaspace       used 47634K, committed 48640K, reserved 1097728K
  class space    used 6315K, committed 6720K, reserved 1048576K
}
Event: 14.216 GC heap after
{Heap after GC invocations=20 (full 0):
 garbage-first heap   total 348160K, used 150878K [0x0000000722400000, 0x0000000800000000)
  region size 2048K, 11 young (22528K), 11 survivors (22528K)
 Metaspace       used 47634K, committed 48640K, reserved 1097728K
  class space    used 6315K, committed 6720K, reserved 1048576K
}
Event: 15.711 GC heap before
{Heap before GC invocations=20 (full 0):
 garbage-first heap   total 348160K, used 273758K [0x0000000722400000, 0x0000000800000000)
  region size 2048K, 71 young (145408K), 11 survivors (22528K)
 Metaspace       used 56092K, committed 57088K, reserved 1105920K
  class space    used 8149K, committed 8576K, reserved 1048576K
}
Event: 15.731 GC heap after
{Heap after GC invocations=21 (full 0):
 garbage-first heap   total 348160K, used 163416K [0x0000000722400000, 0x0000000800000000)
  region size 2048K, 6 young (12288K), 6 survivors (12288K)
 Metaspace       used 56092K, committed 57088K, reserved 1105920K
  class space    used 8149K, committed 8576K, reserved 1048576K
}
Event: 16.442 GC heap before
{Heap before GC invocations=21 (full 0):
 garbage-first heap   total 348160K, used 208472K [0x0000000722400000, 0x0000000800000000)
  region size 2048K, 29 young (59392K), 6 survivors (12288K)
 Metaspace       used 59612K, committed 60608K, reserved 1105920K
  class space    used 8903K, committed 9344K, reserved 1048576K
}
Event: 16.450 GC heap after
{Heap after GC invocations=22 (full 0):
 garbage-first heap   total 348160K, used 165857K [0x0000000722400000, 0x0000000800000000)
  region size 2048K, 2 young (4096K), 2 survivors (4096K)
 Metaspace       used 59612K, committed 60608K, reserved 1105920K
  class space    used 8903K, committed 9344K, reserved 1048576K
}

