# JRE version: Java(TM) SE Runtime Environment (17.0.2+8) (build 17.0.2+8-LTS-86)
# Java VM: Java HotSpot(TM) 64-Bit Server VM (17.0.2+8-LTS-86, mixed mode, sharing, tiered, compressed oops, compressed class ptrs, g1 gc, windows-amd64)
GC Precious Log:
 CPUs: 16 total, 16 available
 Memory: 14188M
 Large Page Support: Disabled
 NUMA Support: Disabled
 Compressed Oops: Enabled (Zero based)
 Heap Region Size: 2M
 Heap Min Capacity: 8M
 Heap Initial Capacity: 222M
 Heap Max Capacity: 3548M
 Pre-touch: Disabled
 Parallel Workers: 13
 Concurrent Workers: 3
 Concurrent Refinement Workers: 13
 Periodic GC: Disabled
Heap:
 garbage-first heap   total 413696K, used 195090K [0x0000000722400000, 0x0000000800000000)
  region size 2048K, 15 young (30720K), 2 survivors (4096K)
 Metaspace       used 66153K, committed 67264K, reserved 1114112K
  class space    used 9755K, committed 10240K, reserved 1048576K
GC Heap History (20 events):
Event: 8.281 GC heap before
{Heap before GC invocations=13 (full 0):
 garbage-first heap   total 245760K, used 203136K [0x0000000722400000, 0x0000000800000000)
  region size 2048K, 58 young (118784K), 3 survivors (6144K)
 Metaspace       used 32552K, committed 33472K, reserved 1081344K
  class space    used 4064K, committed 4480K, reserved 1048576K
}
Event: 8.288 GC heap after
{Heap after GC invocations=14 (full 0):
 garbage-first heap   total 245760K, used 93139K [0x0000000722400000, 0x0000000800000000)
  region size 2048K, 4 young (8192K), 4 survivors (8192K)
 Metaspace       used 32552K, committed 33472K, reserved 1081344K
  class space    used 4064K, committed 4480K, reserved 1048576K
}
Event: 8.639 GC heap before
{Heap before GC invocations=14 (full 0):
 garbage-first heap   total 245760K, used 203731K [0x0000000722400000, 0x0000000800000000)
  region size 2048K, 58 young (118784K), 4 survivors (8192K)
 Metaspace       used 32600K, committed 33472K, reserved 1081344K
  class space    used 4071K, committed 4480K, reserved 1048576K
}
Event: 8.648 GC heap after
{Heap after GC invocations=15 (full 0):
 garbage-first heap   total 245760K, used 95169K [0x0000000722400000, 0x0000000800000000)
  region size 2048K, 5 young (10240K), 5 survivors (10240K)
 Metaspace       used 32600K, committed 33472K, reserved 1081344K
  class space    used 4071K, committed 4480K, reserved 1048576K
}
Event: 9.053 GC heap before
{Heap before GC invocations=15 (full 0):
 garbage-first heap   total 245760K, used 170945K [0x0000000722400000, 0x0000000800000000)
  region size 2048K, 43 young (88064K), 5 survivors (10240K)
 Metaspace       used 35246K, committed 36160K, reserved 1081344K
  class space    used 4332K, committed 4736K, reserved 1048576K
}
Event: 9.063 GC heap after
{Heap after GC invocations=16 (full 0):
 garbage-first heap   total 294912K, used 96727K [0x0000000722400000, 0x0000000800000000)
  region size 2048K, 5 young (10240K), 5 survivors (10240K)
 Metaspace       used 35246K, committed 36160K, reserved 1081344K
  class space    used 4332K, committed 4736K, reserved 1048576K
}
Event: 10.299 GC heap before
{Heap before GC invocations=17 (full 0):
 garbage-first heap   total 294912K, used 248279K [0x0000000722400000, 0x0000000800000000)
  region size 2048K, 79 young (161792K), 5 survivors (10240K)
 Metaspace       used 41901K, committed 42816K, reserved 1089536K
  class space    used 5441K, committed 5824K, reserved 1048576K
}
Event: 10.316 GC heap after
{Heap after GC invocations=18 (full 0):
 garbage-first heap   total 294912K, used 106548K [0x0000000722400000, 0x0000000800000000)
  region size 2048K, 10 young (20480K), 10 survivors (20480K)
 Metaspace       used 41901K, committed 42816K, reserved 1089536K
  class space    used 5441K, committed 5824K, reserved 1048576K
}
Event: 10.906 GC heap before
{Heap before GC invocations=18 (full 0):
 garbage-first heap   total 294912K, used 239668K [0x0000000722400000, 0x0000000800000000)
  region size 2048K, 75 young (153600K), 10 survivors (20480K)
 Metaspace       used 43089K, committed 43968K, reserved 1089536K
  class space    used 5637K, committed 6016K, reserved 1048576K
}
Event: 10.930 GC heap after
{Heap after GC invocations=19 (full 0):
 garbage-first heap   total 294912K, used 120427K [0x0000000722400000, 0x0000000800000000)
  region size 2048K, 10 young (20480K), 10 survivors (20480K)
 Metaspace       used 43089K, committed 43968K, reserved 1089536K
  class space    used 5637K, committed 6016K, reserved 1048576K
}
Event: 11.216 GC heap before
{Heap before GC invocations=19 (full 0):
 garbage-first heap   total 294912K, used 239211K [0x0000000722400000, 0x0000000800000000)
  region size 2048K, 68 young (139264K), 10 survivors (20480K)
 Metaspace       used 43467K, committed 44416K, reserved 1089536K
  class space    used 5684K, committed 6144K, reserved 1048576K
}
Event: 11.244 GC heap after
{Heap after GC invocations=20 (full 0):
 garbage-first heap   total 294912K, used 134169K [0x0000000722400000, 0x0000000800000000)
  region size 2048K, 7 young (14336K), 7 survivors (14336K)
 Metaspace       used 43467K, committed 44416K, reserved 1089536K
  class space    used 5684K, committed 6144K, reserved 1048576K
}
Event: 11.873 GC heap before
{Heap before GC invocations=20 (full 0):
 garbage-first heap   total 294912K, used 236569K [0x0000000722400000, 0x0000000800000000)
  region size 2048K, 57 young (116736K), 7 survivors (14336K)
 Metaspace       used 47587K, committed 48640K, reserved 1097728K
  class space    used 6302K, committed 6784K, reserved 1048576K
}
Event: 11.892 GC heap after
{Heap after GC invocations=21 (full 0):
 garbage-first heap   total 294912K, used 141945K [0x0000000722400000, 0x0000000800000000)
  region size 2048K, 5 young (10240K), 5 survivors (10240K)
 Metaspace       used 47587K, committed 48640K, reserved 1097728K
  class space    used 6302K, committed 6784K, reserved 1048576K
}
Event: 12.803 GC heap before
{Heap before GC invocations=21 (full 0):
 garbage-first heap   total 294912K, used 238201K [0x0000000722400000, 0x0000000800000000)
  region size 2048K, 52 young (106496K), 5 survivors (10240K)
 Metaspace       used 53205K, committed 54208K, reserved 1097728K
  class space    used 7625K, committed 8128K, reserved 1048576K
}
Event: 12.825 GC heap after
{Heap after GC invocations=22 (full 0):
 garbage-first heap   total 413696K, used 159940K [0x0000000722400000, 0x0000000800000000)
  region size 2048K, 7 young (14336K), 7 survivors (14336K)
 Metaspace       used 53205K, committed 54208K, reserved 1097728K
  class space    used 7625K, committed 8128K, reserved 1048576K
}
Event: 14.537 GC heap before
{Heap before GC invocations=23 (full 0):
 garbage-first heap   total 413696K, used 297156K [0x0000000722400000, 0x0000000800000000)
  region size 2048K, 75 young (153600K), 7 survivors (14336K)
 Metaspace       used 64204K, committed 65344K, reserved 1105920K
  class space    used 9441K, committed 9920K, reserved 1048576K
}
Event: 14.550 GC heap after
{Heap after GC invocations=24 (full 0):
 garbage-first heap   total 413696K, used 168968K [0x0000000722400000, 0x0000000800000000)
  region size 2048K, 4 young (8192K), 4 survivors (8192K)
 Metaspace       used 64204K, committed 65344K, reserved 1105920K
  class space    used 9441K, committed 9920K, reserved 1048576K
}
Event: 14.658 GC heap before
{Heap before GC invocations=24 (full 0):
 garbage-first heap   total 413696K, used 181256K [0x0000000722400000, 0x0000000800000000)
  region size 2048K, 10 young (20480K), 4 survivors (8192K)
 Metaspace       used 64769K, committed 65920K, reserved 1105920K
  class space    used 9520K, committed 10048K, reserved 1048576K
}
Event: 14.665 GC heap after
{Heap after GC invocations=25 (full 0):
 garbage-first heap   total 413696K, used 170514K [0x0000000722400000, 0x0000000800000000)
  region size 2048K, 2 young (4096K), 2 survivors (4096K)
 Metaspace       used 64769K, committed 65920K, reserved 1105920K
  class space    used 9520K, committed 10048K, reserved 1048576K
}

