# JRE version: Java(TM) SE Runtime Environment (17.0.2+8) (build 17.0.2+8-LTS-86)
# Java VM: Java HotSpot(TM) 64-Bit Server VM (17.0.2+8-LTS-86, mixed mode, sharing, tiered, compressed oops, compressed class ptrs, g1 gc, windows-amd64)
GC Precious Log:
 CPUs: 16 total, 16 available
 Memory: 14188M
 Large Page Support: Disabled
 NUMA Support: Disabled
 Compressed Oops: Enabled (Zero based)
 Heap Region Size: 2M
 Heap Min Capacity: 8M
 Heap Initial Capacity: 222M
 Heap Max Capacity: 3548M
 Pre-touch: Disabled
 Parallel Workers: 13
 Concurrent Workers: 3
 Concurrent Refinement Workers: 13
 Periodic GC: Disabled
Heap:
 garbage-first heap   total 444416K, used 259494K [0x0000000722400000, 0x0000000800000000)
  region size 2048K, 50 young (102400K), 3 survivors (6144K)
 Metaspace       used 66134K, committed 67264K, reserved 1114112K
  class space    used 9753K, committed 10240K, reserved 1048576K
GC Heap History (20 events):
Event: 7.822 GC heap before
{Heap before GC invocations=13 (full 0):
 garbage-first heap   total 256000K, used 219547K [0x0000000722400000, 0x0000000800000000)
  region size 2048K, 66 young (135168K), 2 survivors (4096K)
 Metaspace       used 31912K, committed 32768K, reserved 1081344K
  class space    used 3965K, committed 4352K, reserved 1048576K
}
Event: 7.828 GC heap after
{Heap after GC invocations=14 (full 0):
 garbage-first heap   total 256000K, used 90936K [0x0000000722400000, 0x0000000800000000)
  region size 2048K, 3 young (6144K), 3 survivors (6144K)
 Metaspace       used 31912K, committed 32768K, reserved 1081344K
  class space    used 3965K, committed 4352K, reserved 1048576K
}
Event: 8.317 GC heap before
{Heap before GC invocations=14 (full 0):
 garbage-first heap   total 256000K, used 209720K [0x0000000722400000, 0x0000000800000000)
  region size 2048K, 61 young (124928K), 3 survivors (6144K)
 Metaspace       used 32585K, committed 33472K, reserved 1081344K
  class space    used 4066K, committed 4480K, reserved 1048576K
}
Event: 8.324 GC heap after
{Heap after GC invocations=15 (full 0):
 garbage-first heap   total 256000K, used 93532K [0x0000000722400000, 0x0000000800000000)
  region size 2048K, 5 young (10240K), 5 survivors (10240K)
 Metaspace       used 32585K, committed 33472K, reserved 1081344K
  class space    used 4066K, committed 4480K, reserved 1048576K
}
Event: 8.709 GC heap before
{Heap before GC invocations=15 (full 0):
 garbage-first heap   total 256000K, used 210268K [0x0000000722400000, 0x0000000800000000)
  region size 2048K, 62 young (126976K), 5 survivors (10240K)
 Metaspace       used 34208K, committed 35136K, reserved 1081344K
  class space    used 4225K, committed 4608K, reserved 1048576K
}
Event: 8.716 GC heap after
{Heap after GC invocations=16 (full 0):
 garbage-first heap   total 256000K, used 95884K [0x0000000722400000, 0x0000000800000000)
  region size 2048K, 6 young (12288K), 6 survivors (12288K)
 Metaspace       used 34208K, committed 35136K, reserved 1081344K
  class space    used 4225K, committed 4608K, reserved 1048576K
}
Event: 8.849 GC heap before
{Heap before GC invocations=16 (full 0):
 garbage-first heap   total 256000K, used 116364K [0x0000000722400000, 0x0000000800000000)
  region size 2048K, 17 young (34816K), 6 survivors (12288K)
 Metaspace       used 35249K, committed 36160K, reserved 1081344K
  class space    used 4330K, committed 4736K, reserved 1048576K
}
Event: 8.856 GC heap after
{Heap after GC invocations=17 (full 0):
 garbage-first heap   total 256000K, used 95795K [0x0000000722400000, 0x0000000800000000)
  region size 2048K, 5 young (10240K), 5 survivors (10240K)
 Metaspace       used 35249K, committed 36160K, reserved 1081344K
  class space    used 4330K, committed 4736K, reserved 1048576K
}
Event: 9.867 GC heap before
{Heap before GC invocations=18 (full 0):
 garbage-first heap   total 256000K, used 212531K [0x0000000722400000, 0x0000000800000000)
  region size 2048K, 63 young (129024K), 5 survivors (10240K)
 Metaspace       used 41050K, committed 41984K, reserved 1089536K
  class space    used 5292K, committed 5696K, reserved 1048576K
}
Event: 9.879 GC heap after
{Heap after GC invocations=19 (full 0):
 garbage-first heap   total 256000K, used 102369K [0x0000000722400000, 0x0000000800000000)
  region size 2048K, 7 young (14336K), 7 survivors (14336K)
 Metaspace       used 41050K, committed 41984K, reserved 1089536K
  class space    used 5292K, committed 5696K, reserved 1048576K
}
Event: 10.443 GC heap before
{Heap before GC invocations=19 (full 0):
 garbage-first heap   total 256000K, used 212961K [0x0000000722400000, 0x0000000800000000)
  region size 2048K, 61 young (124928K), 7 survivors (14336K)
 Metaspace       used 42759K, committed 43648K, reserved 1089536K
  class space    used 5578K, committed 5952K, reserved 1048576K
}
Event: 10.489 GC heap after
{Heap after GC invocations=20 (full 0):
 garbage-first heap   total 307200K, used 113102K [0x0000000722400000, 0x0000000800000000)
  region size 2048K, 8 young (16384K), 8 survivors (16384K)
 Metaspace       used 42759K, committed 43648K, reserved 1089536K
  class space    used 5578K, committed 5952K, reserved 1048576K
}
Event: 10.930 GC heap before
{Heap before GC invocations=20 (full 0):
 garbage-first heap   total 307200K, used 250318K [0x0000000722400000, 0x0000000800000000)
  region size 2048K, 75 young (153600K), 8 survivors (16384K)
 Metaspace       used 43224K, committed 44160K, reserved 1089536K
  class space    used 5653K, committed 6080K, reserved 1048576K
}
Event: 10.957 GC heap after
{Heap after GC invocations=21 (full 0):
 garbage-first heap   total 307200K, used 129302K [0x0000000722400000, 0x0000000800000000)
  region size 2048K, 8 young (16384K), 8 survivors (16384K)
 Metaspace       used 43224K, committed 44160K, reserved 1089536K
  class space    used 5653K, committed 6080K, reserved 1048576K
}
Event: 11.509 GC heap before
{Heap before GC invocations=21 (full 0):
 garbage-first heap   total 307200K, used 246038K [0x0000000722400000, 0x0000000800000000)
  region size 2048K, 65 young (133120K), 8 survivors (16384K)
 Metaspace       used 46427K, committed 47424K, reserved 1089536K
  class space    used 6170K, committed 6656K, reserved 1048576K
}
Event: 11.529 GC heap after
{Heap after GC invocations=22 (full 0):
 garbage-first heap   total 307200K, used 140333K [0x0000000722400000, 0x0000000800000000)
  region size 2048K, 6 young (12288K), 6 survivors (12288K)
 Metaspace       used 46427K, committed 47424K, reserved 1089536K
  class space    used 6170K, committed 6656K, reserved 1048576K
}
Event: 12.583 GC heap before
{Heap before GC invocations=22 (full 0):
 garbage-first heap   total 307200K, used 248877K [0x0000000722400000, 0x0000000800000000)
  region size 2048K, 59 young (120832K), 6 survivors (12288K)
 Metaspace       used 52802K, committed 53824K, reserved 1097728K
  class space    used 7500K, committed 8000K, reserved 1048576K
}
Event: 12.604 GC heap after
{Heap after GC invocations=23 (full 0):
 garbage-first heap   total 307200K, used 159967K [0x0000000722400000, 0x0000000800000000)
  region size 2048K, 8 young (16384K), 8 survivors (16384K)
 Metaspace       used 52802K, committed 53824K, reserved 1097728K
  class space    used 7500K, committed 8000K, reserved 1048576K
}
Event: 13.537 GC heap before
{Heap before GC invocations=23 (full 0):
 garbage-first heap   total 307200K, used 245983K [0x0000000722400000, 0x0000000800000000)
  region size 2048K, 50 young (102400K), 8 survivors (16384K)
 Metaspace       used 58887K, committed 59968K, reserved 1105920K
  class space    used 8707K, committed 9216K, reserved 1048576K
}
Event: 13.553 GC heap after
{Heap after GC invocations=24 (full 0):
 garbage-first heap   total 444416K, used 165286K [0x0000000722400000, 0x0000000800000000)
  region size 2048K, 3 young (6144K), 3 survivors (6144K)
 Metaspace       used 58887K, committed 59968K, reserved 1105920K
  class space    used 8707K, committed 9216K, reserved 1048576K
}

