# JRE version: Java(TM) SE Runtime Environment (17.0.2+8) (build 17.0.2+8-LTS-86)
# Java VM: Java HotSpot(TM) 64-Bit Server VM (17.0.2+8-LTS-86, mixed mode, sharing, tiered, compressed oops, compressed class ptrs, g1 gc, windows-amd64)
GC Precious Log:
 CPUs: 16 total, 16 available
 Memory: 14188M
 Large Page Support: Disabled
 NUMA Support: Disabled
 Compressed Oops: Enabled (Zero based)
 Heap Region Size: 2M
 Heap Min Capacity: 8M
 Heap Initial Capacity: 222M
 Heap Max Capacity: 3548M
 Pre-touch: Disabled
 Parallel Workers: 13
 Concurrent Workers: 3
 Concurrent Refinement Workers: 13
 Periodic GC: Disabled
Heap:
 garbage-first heap   total 397312K, used 295821K [0x0000000722400000, 0x0000000800000000)
  region size 2048K, 68 young (139264K), 2 survivors (4096K)
 Metaspace       used 66141K, committed 67328K, reserved 1114112K
  class space    used 9755K, committed 10304K, reserved 1048576K
GC Heap History (20 events):
Event: 8.225 GC heap before
{Heap before GC invocations=12 (full 0):
 garbage-first heap   total 247808K, used 192770K [0x0000000722400000, 0x0000000800000000)
  region size 2048K, 61 young (124928K), 2 survivors (4096K)
 Metaspace       used 30121K, committed 30976K, reserved 1081344K
  class space    used 3735K, committed 4096K, reserved 1048576K
}
Event: 8.229 GC heap after
{Heap after GC invocations=13 (full 0):
 garbage-first heap   total 247808K, used 75896K [0x0000000722400000, 0x0000000800000000)
  region size 2048K, 3 young (6144K), 3 survivors (6144K)
 Metaspace       used 30121K, committed 30976K, reserved 1081344K
  class space    used 3735K, committed 4096K, reserved 1048576K
}
Event: 8.825 GC heap before
{Heap before GC invocations=13 (full 0):
 garbage-first heap   total 247808K, used 211064K [0x0000000722400000, 0x0000000800000000)
  region size 2048K, 63 young (129024K), 3 survivors (6144K)
 Metaspace       used 32467K, committed 33344K, reserved 1081344K
  class space    used 4044K, committed 4416K, reserved 1048576K
}
Event: 8.832 GC heap after
{Heap after GC invocations=14 (full 0):
 garbage-first heap   total 247808K, used 90678K [0x0000000722400000, 0x0000000800000000)
  region size 2048K, 4 young (8192K), 4 survivors (8192K)
 Metaspace       used 32467K, committed 33344K, reserved 1081344K
  class space    used 4044K, committed 4416K, reserved 1048576K
}
Event: 9.370 GC heap before
{Heap before GC invocations=14 (full 0):
 garbage-first heap   total 247808K, used 201270K [0x0000000722400000, 0x0000000800000000)
  region size 2048K, 58 young (118784K), 4 survivors (8192K)
 Metaspace       used 33402K, committed 34240K, reserved 1081344K
  class space    used 4166K, committed 4544K, reserved 1048576K
}
Event: 9.378 GC heap after
{Heap after GC invocations=15 (full 0):
 garbage-first heap   total 247808K, used 93700K [0x0000000722400000, 0x0000000800000000)
  region size 2048K, 5 young (10240K), 5 survivors (10240K)
 Metaspace       used 33402K, committed 34240K, reserved 1081344K
  class space    used 4166K, committed 4544K, reserved 1048576K
}
Event: 9.728 GC heap before
{Heap before GC invocations=15 (full 0):
 garbage-first heap   total 247808K, used 194052K [0x0000000722400000, 0x0000000800000000)
  region size 2048K, 56 young (114688K), 5 survivors (10240K)
 Metaspace       used 35406K, committed 36288K, reserved 1081344K
  class space    used 4351K, committed 4736K, reserved 1048576K
}
Event: 9.736 GC heap after
{Heap after GC invocations=16 (full 0):
 garbage-first heap   total 247808K, used 95232K [0x0000000722400000, 0x0000000800000000)
  region size 2048K, 5 young (10240K), 5 survivors (10240K)
 Metaspace       used 35406K, committed 36288K, reserved 1081344K
  class space    used 4351K, committed 4736K, reserved 1048576K
}
Event: 10.860 GC heap before
{Heap before GC invocations=17 (full 0):
 garbage-first heap   total 247808K, used 205824K [0x0000000722400000, 0x0000000800000000)
  region size 2048K, 60 young (122880K), 5 survivors (10240K)
 Metaspace       used 41042K, committed 41984K, reserved 1089536K
  class space    used 5291K, committed 5696K, reserved 1048576K
}
Event: 10.874 GC heap after
{Heap after GC invocations=18 (full 0):
 garbage-first heap   total 247808K, used 101252K [0x0000000722400000, 0x0000000800000000)
  region size 2048K, 7 young (14336K), 7 survivors (14336K)
 Metaspace       used 41042K, committed 41984K, reserved 1089536K
  class space    used 5291K, committed 5696K, reserved 1048576K
}
Event: 11.502 GC heap before
{Heap before GC invocations=18 (full 0):
 garbage-first heap   total 247808K, used 203652K [0x0000000722400000, 0x0000000800000000)
  region size 2048K, 57 young (116736K), 7 survivors (14336K)
 Metaspace       used 42747K, committed 43648K, reserved 1089536K
  class space    used 5577K, committed 5952K, reserved 1048576K
}
Event: 11.523 GC heap after
{Heap after GC invocations=19 (full 0):
 garbage-first heap   total 299008K, used 110596K [0x0000000722400000, 0x0000000800000000)
  region size 2048K, 8 young (16384K), 8 survivors (16384K)
 Metaspace       used 42747K, committed 43648K, reserved 1089536K
  class space    used 5577K, committed 5952K, reserved 1048576K
}
Event: 11.929 GC heap before
{Heap before GC invocations=19 (full 0):
 garbage-first heap   total 299008K, used 241668K [0x0000000722400000, 0x0000000800000000)
  region size 2048K, 72 young (147456K), 8 survivors (16384K)
 Metaspace       used 43098K, committed 43968K, reserved 1089536K
  class space    used 5637K, committed 6016K, reserved 1048576K
}
Event: 11.953 GC heap after
{Heap after GC invocations=20 (full 0):
 garbage-first heap   total 299008K, used 126157K [0x0000000722400000, 0x0000000800000000)
  region size 2048K, 8 young (16384K), 8 survivors (16384K)
 Metaspace       used 43098K, committed 43968K, reserved 1089536K
  class space    used 5637K, committed 6016K, reserved 1048576K
}
Event: 12.394 GC heap before
{Heap before GC invocations=20 (full 0):
 garbage-first heap   total 299008K, used 238797K [0x0000000722400000, 0x0000000800000000)
  region size 2048K, 63 young (129024K), 8 survivors (16384K)
 Metaspace       used 44616K, committed 45696K, reserved 1089536K
  class space    used 5926K, committed 6400K, reserved 1048576K
}
Event: 12.412 GC heap after
{Heap after GC invocations=21 (full 0):
 garbage-first heap   total 299008K, used 137663K [0x0000000722400000, 0x0000000800000000)
  region size 2048K, 6 young (12288K), 6 survivors (12288K)
 Metaspace       used 44616K, committed 45696K, reserved 1089536K
  class space    used 5926K, committed 6400K, reserved 1048576K
}
Event: 13.464 GC heap before
{Heap before GC invocations=21 (full 0):
 garbage-first heap   total 299008K, used 240063K [0x0000000722400000, 0x0000000800000000)
  region size 2048K, 57 young (116736K), 6 survivors (12288K)
 Metaspace       used 50155K, committed 51136K, reserved 1097728K
  class space    used 6855K, committed 7296K, reserved 1048576K
}
Event: 13.489 GC heap after
{Heap after GC invocations=22 (full 0):
 garbage-first heap   total 299008K, used 157047K [0x0000000722400000, 0x0000000800000000)
  region size 2048K, 8 young (16384K), 8 survivors (16384K)
 Metaspace       used 50155K, committed 51136K, reserved 1097728K
  class space    used 6855K, committed 7296K, reserved 1048576K
}
Event: 14.348 GC heap before
{Heap before GC invocations=22 (full 0):
 garbage-first heap   total 299008K, used 234871K [0x0000000722400000, 0x0000000800000000)
  region size 2048K, 46 young (94208K), 8 survivors (16384K)
 Metaspace       used 56022K, committed 57088K, reserved 1097728K
  class space    used 8120K, committed 8576K, reserved 1048576K
}
Event: 14.362 GC heap after
{Heap after GC invocations=23 (full 0):
 garbage-first heap   total 397312K, used 162701K [0x0000000722400000, 0x0000000800000000)
  region size 2048K, 2 young (4096K), 2 survivors (4096K)
 Metaspace       used 56022K, committed 57088K, reserved 1097728K
  class space    used 8120K, committed 8576K, reserved 1048576K
}

